<?xml version="1.0" encoding="UTF-8"?>
<testng-results skipped="0" failed="0" ignored="0" total="1" passed="1">
  <reporter-output>
  </reporter-output>
  <suite name="Default suite" duration-ms="6379" started-at="2018-10-01T12:25:37Z" finished-at="2018-10-01T12:25:43Z">
    <groups>
    </groups>
    <test name="Default test" duration-ms="6379" started-at="2018-10-01T12:25:37Z" finished-at="2018-10-01T12:25:43Z">
      <class name="GetData123">
        <test-method status="PASS" signature="testResponsebody()[pri:0, instance:GetData123@28feb3fa]" name="testResponsebody" duration-ms="6348" started-at="2018-10-01T12:25:37Z" finished-at="2018-10-01T12:25:43Z">
          <reporter-output>
          </reporter-output>
        </test-method> <!-- testResponsebody -->
      </class> <!-- GetData123 -->
    </test> <!-- Default test -->
  </suite> <!-- Default suite -->
</testng-results>
